<?xml version="1.0" encoding="UTF-8"?>
<testsuite xmlns:xsi="http://www.w3.org/2001/XMLSchema-instance" xsi:noNamespaceSchemaLocation="https://maven.apache.org/surefire/maven-surefire-plugin/xsd/surefire-test-report.xsd" version="3.0.2" name="com.nnk.springboot.ApplicationTest" time="36.221" tests="3" errors="0" skipped="0" failures="0">
  <properties>
[...]
</properties>
  <testcase name="applicationStartsSuccessfully" classname="com.nnk.springboot.ApplicationTest" time="6.204">
    <system-out><![CDATA[01:05:13.756 [main] INFO org.springframework.boot.test.context.SpringBootTestContextBootstrapper -- Found @SpringBootConfiguration com.nnk.springboot.Application for test class com.nnk.springboot.ApplicationTest
01:05:14.713 [main] INFO org.springframework.boot.devtools.restart.RestartApplicationListener -- Restart disabled due to context in which it is running

  .   ____          _            __ _ _
 /\\ / ___'_ __ _ _(_)_ __  __ _ \ \ \ \
( ( )\___ | '_ | '_| | '_ \/ _` | \ \ \ \
 \\/  ___)| |_)| | | | | || (_| |  ) ) ) )
  '  |____| .__|_| |_|_| |_\__, | / / / /
 =========|_|==============|___/=/_/_/_/

 :: Spring Boot ::                (v3.4.6)

2025-05-29T01:05:16.333+02:00  INFO 14132 --- [           main] com.nnk.springboot.ApplicationTest       : Starting ApplicationTest using Java 17.0.15 with PID 14132 (started by AGOUROU GUSTAVE in C:\Users\AGOUROU GUSTAVE\Downloads\Open Classroom\P7\OC_PROJECT_7-master\Poseiden-skeleton)
2025-05-29T01:05:16.333+02:00  INFO 14132 --- [           main] com.nnk.springboot.ApplicationTest       : No active profile set, falling back to 1 default profile: "default"
2025-05-29T01:05:22.489+02:00  INFO 14132 --- [           main] .s.d.r.c.RepositoryConfigurationDelegate : Bootstrapping Spring Data JPA repositories in DEFAULT mode.
2025-05-29T01:05:23.593+02:00  INFO 14132 --- [           main] .s.d.r.c.RepositoryConfigurationDelegate : Finished Spring Data repository scanning in 1056 ms. Found 6 JPA repository interfaces.
2025-05-29T01:05:26.586+02:00  INFO 14132 --- [           main] o.hibernate.jpa.internal.util.LogHelper  : HHH000204: Processing PersistenceUnitInfo [name: default]
2025-05-29T01:05:26.990+02:00  INFO 14132 --- [           main] org.hibernate.Version                    : HHH000412: Hibernate ORM core version 6.6.15.Final
2025-05-29T01:05:27.144+02:00  INFO 14132 --- [           main] o.h.c.internal.RegionFactoryInitiator    : HHH000026: Second-level cache disabled
2025-05-29T01:05:28.729+02:00  INFO 14132 --- [           main] o.s.o.j.p.SpringPersistenceUnitInfo      : No LoadTimeWeaver setup: ignoring JPA class transformer
2025-05-29T01:05:28.881+02:00  INFO 14132 --- [           main] com.zaxxer.hikari.HikariDataSource       : HikariPool-1 - Starting...
2025-05-29T01:05:30.189+02:00  INFO 14132 --- [           main] com.zaxxer.hikari.pool.HikariPool        : HikariPool-1 - Added connection com.mysql.cj.jdbc.ConnectionImpl@7fb7be26
2025-05-29T01:05:30.204+02:00  INFO 14132 --- [           main] com.zaxxer.hikari.HikariDataSource       : HikariPool-1 - Start completed.
2025-05-29T01:05:30.581+02:00  WARN 14132 --- [           main] org.hibernate.orm.deprecation            : HHH90000025: MySQLDialect does not need to be specified explicitly using 'hibernate.dialect' (remove the property setting and it will be selected by default)
2025-05-29T01:05:30.689+02:00  INFO 14132 --- [           main] org.hibernate.orm.connections.pooling    : HHH10001005: Database info:
	Database JDBC URL [Connecting through datasource 'HikariDataSource (HikariPool-1)']
	Database driver: undefined/unknown
	Database version: 8.0.41
	Autocommit mode: undefined/unknown
	Isolation level: undefined/unknown
	Minimum pool size: undefined/unknown
	Maximum pool size: undefined/unknown
2025-05-29T01:05:35.205+02:00  INFO 14132 --- [           main] o.h.e.t.j.p.i.JtaPlatformInitiator       : HHH000489: No JTA platform available (set 'hibernate.transaction.jta.platform' to enable JTA platform integration)
2025-05-29T01:05:35.205+02:00  INFO 14132 --- [           main] j.LocalContainerEntityManagerFactoryBean : Initialized JPA EntityManagerFactory for persistence unit 'default'
2025-05-29T01:05:37.010+02:00  INFO 14132 --- [           main] c.n.s.configuration.SecurityConfig       : Initializing the encoded password
2025-05-29T01:05:37.145+02:00  WARN 14132 --- [           main] JpaBaseConfiguration$JpaWebConfiguration : spring.jpa.open-in-view is enabled by default. Therefore, database queries may be performed during view rendering. Explicitly configure spring.jpa.open-in-view to disable this warning
2025-05-29T01:05:37.255+02:00  INFO 14132 --- [           main] r$InitializeUserDetailsManagerConfigurer : Global AuthenticationManager configured with UserDetailsService bean with name customUserDetailsService
2025-05-29T01:05:38.874+02:00  INFO 14132 --- [           main] o.s.b.a.e.web.EndpointLinksResolver      : Exposing 1 endpoint beneath base path '/actuator'
2025-05-29T01:05:39.362+02:00  INFO 14132 --- [           main] c.n.s.configuration.SecurityConfig       : Configuration of AuthenticationManager
2025-05-29T01:05:40.850+02:00  INFO 14132 --- [           main] com.nnk.springboot.ApplicationTest       : Started ApplicationTest in 26.2 seconds (process running for 33.794)
2025-05-29T01:05:42.668+02:00  INFO 14132 --- [           main] o.s.b.d.r.RestartApplicationListener     : Restart disabled due to context in which it is running

  .   ____          _            __ _ _
 /\\ / ___'_ __ _ _(_)_ __  __ _ \ \ \ \
( ( )\___ | '_ | '_| | '_ \/ _` | \ \ \ \
 \\/  ___)| |_)| | | | | || (_| |  ) ) ) )
  '  |____| .__|_| |_|_| |_\__, | / / / /
 =========|_|==============|___/=/_/_/_/

 :: Spring Boot ::                (v3.4.6)

2025-05-29T01:05:42.757+02:00  INFO 14132 --- [           main] o.a.maven.surefire.booter.ForkedBooter   : Starting ForkedBooter v3.5.3 using Java 17.0.15 with PID 14132 (started by AGOUROU GUSTAVE in C:\Users\AGOUROU GUSTAVE\Downloads\Open Classroom\P7\OC_PROJECT_7-master\Poseiden-skeleton)
2025-05-29T01:05:42.757+02:00  INFO 14132 --- [           main] o.a.maven.surefire.booter.ForkedBooter   : No active profile set, falling back to 1 default profile: "default"
2025-05-29T01:05:43.688+02:00  INFO 14132 --- [           main] .s.d.r.c.RepositoryConfigurationDelegate : Bootstrapping Spring Data JPA repositories in DEFAULT mode.
2025-05-29T01:05:43.766+02:00  INFO 14132 --- [           main] .s.d.r.c.RepositoryConfigurationDelegate : Finished Spring Data repository scanning in 65 ms. Found 6 JPA repository interfaces.
2025-05-29T01:05:44.655+02:00  INFO 14132 --- [           main] o.s.b.w.embedded.tomcat.TomcatWebServer  : Tomcat initialized with port 8080 (http)
2025-05-29T01:05:44.722+02:00  INFO 14132 --- [           main] o.apache.catalina.core.StandardService   : Starting service [Tomcat]
2025-05-29T01:05:44.722+02:00  INFO 14132 --- [           main] o.apache.catalina.core.StandardEngine    : Starting Servlet engine: [Apache Tomcat/10.1.41]
2025-05-29T01:05:44.913+02:00  INFO 14132 --- [           main] o.a.c.c.C.[Tomcat].[localhost].[/]       : Initializing Spring embedded WebApplicationContext
2025-05-29T01:05:44.913+02:00  INFO 14132 --- [           main] w.s.c.ServletWebServerApplicationContext : Root WebApplicationContext: initialization completed in 2149 ms
2025-05-29T01:05:45.239+02:00  INFO 14132 --- [           main] o.hibernate.jpa.internal.util.LogHelper  : HHH000204: Processing PersistenceUnitInfo [name: default]
2025-05-29T01:05:45.239+02:00  INFO 14132 --- [           main] o.h.c.internal.RegionFactoryInitiator    : HHH000026: Second-level cache disabled
2025-05-29T01:05:45.286+02:00  INFO 14132 --- [           main] o.s.o.j.p.SpringPersistenceUnitInfo      : No LoadTimeWeaver setup: ignoring JPA class transformer
2025-05-29T01:05:45.286+02:00  INFO 14132 --- [           main] com.zaxxer.hikari.HikariDataSource       : HikariPool-2 - Starting...
2025-05-29T01:05:45.332+02:00  INFO 14132 --- [           main] com.zaxxer.hikari.pool.HikariPool        : HikariPool-2 - Added connection com.mysql.cj.jdbc.ConnectionImpl@23bc357b
2025-05-29T01:05:45.332+02:00  INFO 14132 --- [           main] com.zaxxer.hikari.HikariDataSource       : HikariPool-2 - Start completed.
2025-05-29T01:05:45.332+02:00  WARN 14132 --- [           main] org.hibernate.orm.deprecation            : HHH90000025: MySQLDialect does not need to be specified explicitly using 'hibernate.dialect' (remove the property setting and it will be selected by default)
2025-05-29T01:05:45.348+02:00  INFO 14132 --- [           main] org.hibernate.orm.connections.pooling    : HHH10001005: Database info:
	Database JDBC URL [Connecting through datasource 'HikariDataSource (HikariPool-2)']
	Database driver: undefined/unknown
	Database version: 8.0.41
	Autocommit mode: undefined/unknown
	Isolation level: undefined/unknown
	Minimum pool size: undefined/unknown
	Maximum pool size: undefined/unknown
2025-05-29T01:05:45.652+02:00  INFO 14132 --- [           main] o.h.e.t.j.p.i.JtaPlatformInitiator       : HHH000489: No JTA platform available (set 'hibernate.transaction.jta.platform' to enable JTA platform integration)
2025-05-29T01:05:45.652+02:00  INFO 14132 --- [           main] j.LocalContainerEntityManagerFactoryBean : Initialized JPA EntityManagerFactory for persistence unit 'default'
2025-05-29T01:05:45.963+02:00  INFO 14132 --- [           main] c.n.s.configuration.SecurityConfig       : Initializing the encoded password
2025-05-29T01:05:46.047+02:00  WARN 14132 --- [           main] JpaBaseConfiguration$JpaWebConfiguration : spring.jpa.open-in-view is enabled by default. Therefore, database queries may be performed during view rendering. Explicitly configure spring.jpa.open-in-view to disable this warning
2025-05-29T01:05:46.080+02:00  INFO 14132 --- [           main] r$InitializeUserDetailsManagerConfigurer : Global AuthenticationManager configured with UserDetailsService bean with name customUserDetailsService
2025-05-29T01:05:46.685+02:00  INFO 14132 --- [           main] o.s.b.a.e.web.EndpointLinksResolver      : Exposing 1 endpoint beneath base path '/actuator'
2025-05-29T01:05:46.838+02:00  INFO 14132 --- [           main] c.n.s.configuration.SecurityConfig       : Configuration of AuthenticationManager
2025-05-29T01:05:47.138+02:00  INFO 14132 --- [           main] o.s.b.w.embedded.tomcat.TomcatWebServer  : Tomcat started on port 8080 (http) with context path '/'
2025-05-29T01:05:47.154+02:00  INFO 14132 --- [           main] o.a.maven.surefire.booter.ForkedBooter   : Started ForkedBooter in 4.486 seconds (process running for 40.092)
]]></system-out>
  </testcase>
  <testcase name="applicationBeanExists" classname="com.nnk.springboot.ApplicationTest" time="0.023"/>
  <testcase name="contextLoads" classname="com.nnk.springboot.ApplicationTest" time="0.028"/>
</testsuite>